Started by user admin
Running as SYSTEM
Building in workspace C:\ProgramData\Jenkins\.jenkins\workspace\eCommerceApplication
[eCommerceApplication] $ cmd /c call C:\Windows\TEMP\jenkins1795494047279131860.bat

C:\ProgramData\Jenkins\.jenkins\workspace\eCommerceApplication>cd /d D:\Udacity\Java_Web_Developer\nd035-c4-Security-and-DevOps-master\starter_code 

D:\Udacity\Java_Web_Developer\nd035-c4-Security-and-DevOps-master\starter_code>mvn clean install 
[INFO] Scanning for projects...
[INFO] 
[INFO] ----------------------< com.example:auth-course >-----------------------
[INFO] Building auth-course 0.0.1-SNAPSHOT
[INFO]   from pom.xml
[INFO] --------------------------------[ jar ]---------------------------------
[INFO] 
[INFO] --- clean:3.1.0:clean (default-clean) @ auth-course ---
[INFO] Deleting D:\Udacity\Java_Web_Developer\nd035-c4-Security-and-DevOps-master\starter_code\target
[INFO] 
[INFO] --- resources:3.1.0:resources (default-resources) @ auth-course ---
[INFO] Using 'UTF-8' encoding to copy filtered resources.
[INFO] Copying 1 resource
[INFO] Copying 2 resources
[INFO] 
[INFO] --- compiler:3.8.1:compile (default-compile) @ auth-course ---
[INFO] Changes detected - recompiling the module!
[INFO] Compiling 20 source files to D:\Udacity\Java_Web_Developer\nd035-c4-Security-and-DevOps-master\starter_code\target\classes
[INFO] 
[INFO] --- resources:3.1.0:testResources (default-testResources) @ auth-course ---
[INFO] Using 'UTF-8' encoding to copy filtered resources.
[INFO] skip non existing resourceDirectory D:\Udacity\Java_Web_Developer\nd035-c4-Security-and-DevOps-master\starter_code\src\test\resources
[INFO] 
[INFO] --- compiler:3.8.1:testCompile (default-testCompile) @ auth-course ---
[INFO] Changes detected - recompiling the module!
[INFO] Compiling 8 source files to D:\Udacity\Java_Web_Developer\nd035-c4-Security-and-DevOps-master\starter_code\target\test-classes
[INFO] /D:/Udacity/Java_Web_Developer/nd035-c4-Security-and-DevOps-master/starter_code/src/test/java/com/example/demo/TestUtils.java: D:\Udacity\Java_Web_Developer\nd035-c4-Security-and-DevOps-master\starter_code\src\test\java\com\example\demo\TestUtils.java uses or overrides a deprecated API.
[INFO] /D:/Udacity/Java_Web_Developer/nd035-c4-Security-and-DevOps-master/starter_code/src/test/java/com/example/demo/TestUtils.java: Recompile with -Xlint:deprecation for details.
[INFO] 
[INFO] --- surefire:2.22.2:test (default-test) @ auth-course ---
[INFO] 
[INFO] -------------------------------------------------------
[INFO]  T E S T S
[INFO] -------------------------------------------------------
[INFO] Running com.example.demo.controllers.CartControllerTest
[INFO] Tests run: 3, Failures: 0, Errors: 0, Skipped: 0, Time elapsed: 0.74 s - in com.example.demo.controllers.CartControllerTest
[INFO] Running com.example.demo.controllers.ItemControllerTest
[INFO] Tests run: 3, Failures: 0, Errors: 0, Skipped: 0, Time elapsed: 0.001 s - in com.example.demo.controllers.ItemControllerTest
[INFO] Running com.example.demo.controllers.OrderControllerTest
2024-04-21T20:56:19.143+0700 INFO Created order successfully for username: demoUser.
2024-04-21T20:56:19.154+0700 ERROR Can not create order because username: demoUser is not found in database
2024-04-21T20:56:19.156+0700 INFO Created order successfully for username: demoUser.
2024-04-21T20:56:19.157+0700 ERROR Can not create order because username: demoUser is not found in database
[INFO] Tests run: 4, Failures: 0, Errors: 0, Skipped: 0, Time elapsed: 0.642 s - in com.example.demo.controllers.OrderControllerTest
[INFO] Running com.example.demo.controllers.UserControllerTest
2024-04-21T20:56:19.185+0700 INFO Created user with username: test.
2024-04-21T20:56:19.186+0700 INFO Created user with username: test.
2024-04-21T20:56:19.187+0700 INFO Found user with username: test.
2024-04-21T20:56:19.188+0700 INFO Created user with username: test.
[INFO] Tests run: 3, Failures: 0, Errors: 0, Skipped: 0, Time elapsed: 0.024 s - in com.example.demo.controllers.UserControllerTest
[INFO] Running com.example.demo.SareetaApplicationTests
2024-04-21T20:56:19.248+0700 INFO Neither @ContextConfiguration nor @ContextHierarchy found for test class [com.example.demo.SareetaApplicationTests], using SpringBootContextLoader
2024-04-21T20:56:19.251+0700 INFO Could not detect default resource locations for test class [com.example.demo.SareetaApplicationTests]: no resource found for suffixes {-context.xml, Context.groovy}.
2024-04-21T20:56:19.252+0700 INFO Could not detect default configuration classes for test class [com.example.demo.SareetaApplicationTests]: SareetaApplicationTests does not declare any static, non-private, non-final, nested classes annotated with @Configuration.
2024-04-21T20:56:19.358+0700 INFO Found @SpringBootConfiguration com.example.demo.SareetaApplication for test class com.example.demo.SareetaApplicationTests
2024-04-21T20:56:19.441+0700 INFO Loaded default TestExecutionListener class names from location [META-INF/spring.factories]: [org.springframework.boot.test.mock.mockito.MockitoTestExecutionListener, org.springframework.boot.test.mock.mockito.ResetMocksTestExecutionListener, org.springframework.boot.test.autoconfigure.restdocs.RestDocsTestExecutionListener, org.springframework.boot.test.autoconfigure.web.client.MockRestServiceServerResetTestExecutionListener, org.springframework.boot.test.autoconfigure.web.servlet.MockMvcPrintOnlyOnFailureTestExecutionListener, org.springframework.boot.test.autoconfigure.web.servlet.WebDriverTestExecutionListener, org.springframework.test.context.web.ServletTestExecutionListener, org.springframework.test.context.support.DirtiesContextBeforeModesTestExecutionListener, org.springframework.test.context.support.DependencyInjectionTestExecutionListener, org.springframework.test.context.support.DirtiesContextTestExecutionListener, org.springframework.test.context.transaction.TransactionalTestExecutionListener, org.springframework.test.context.jdbc.SqlScriptsTestExecutionListener, org.springframework.security.test.context.support.WithSecurityContextTestExecutionListener, org.springframework.security.test.context.support.ReactorContextTestExecutionListener]
2024-04-21T20:56:19.461+0700 INFO Using TestExecutionListeners: [org.springframework.test.context.web.ServletTestExecutionListener@20cece0b, org.springframework.test.context.support.DirtiesContextBeforeModesTestExecutionListener@4c777e7b, org.springframework.boot.test.mock.mockito.MockitoTestExecutionListener@5f038248, org.springframework.boot.test.autoconfigure.SpringBootDependencyInjectionTestExecutionListener@78e22d35, org.springframework.test.context.support.DirtiesContextTestExecutionListener@2e8a1ab4, org.springframework.test.context.transaction.TransactionalTestExecutionListener@59f93db8, org.springframework.test.context.jdbc.SqlScriptsTestExecutionListener@1aabf50d, org.springframework.security.test.context.support.WithSecurityContextTestExecutionListener@73c9e8e8, org.springframework.security.test.context.support.ReactorContextTestExecutionListener@de8039f, org.springframework.boot.test.mock.mockito.ResetMocksTestExecutionListener@1deceb67, org.springframework.boot.test.autoconfigure.restdocs.RestDocsTestExecutionListener@582a764a, org.springframework.boot.test.autoconfigure.web.client.MockRestServiceServerResetTestExecutionListener@64984b0f, org.springframework.boot.test.autoconfigure.web.servlet.MockMvcPrintOnlyOnFailureTestExecutionListener@292158f8, org.springframework.boot.test.autoconfigure.web.servlet.WebDriverTestExecutionListener@53ec2968]

  .   ____          _            __ _ _
 /\\ / ___'_ __ _ _(_)_ __  __ _ \ \ \ \
( ( )\___ | '_ | '_| | '_ \/ _` | \ \ \ \
 \\/  ___)| |_)| | | | | || (_| |  ) ) ) )
  '  |____| .__|_| |_|_| |_\__, | / / / /
 =========|_|==============|___/=/_/_/_/
 :: Spring Boot ::        (v2.1.5.RELEASE)

2024-04-21T20:56:19.717+0700 INFO Starting SareetaApplicationTests on DESKTOP-R6Q7CT5 with PID 15936 (started by DESKTOP-R6Q7CT5$ in D:\Udacity\Java_Web_Developer\nd035-c4-Security-and-DevOps-master\starter_code)
2024-04-21T20:56:19.718+0700 DEBUG Running with Spring Boot v2.1.5.RELEASE, Spring v5.1.7.RELEASE
2024-04-21T20:56:19.719+0700 INFO No active profile set, falling back to default profiles: default
2024-04-21T20:56:20.301+0700 INFO Bootstrapping Spring Data repositories in DEFAULT mode.
2024-04-21T20:56:20.361+0700 INFO Finished Spring Data repository scanning in 52ms. Found 4 repository interfaces.
2024-04-21T20:56:21.052+0700 INFO Bean 'org.springframework.transaction.annotation.ProxyTransactionManagementConfiguration' of type [org.springframework.transaction.annotation.ProxyTransactionManagementConfiguration$$EnhancerBySpringCGLIB$$e3911f70] is not eligible for getting processed by all BeanPostProcessors (for example: not eligible for auto-proxying)
2024-04-21T20:56:21.396+0700 INFO HikariPool-1 - Starting...
2024-04-21T20:56:21.661+0700 INFO HikariPool-1 - Start completed.
2024-04-21T20:56:21.773+0700 INFO HHH000204: Processing PersistenceUnitInfo [
	name: default
	...]
2024-04-21T20:56:21.870+0700 INFO HHH000412: Hibernate Core {5.3.10.Final}
2024-04-21T20:56:21.872+0700 INFO HHH000206: hibernate.properties not found
2024-04-21T20:56:21.927+0700 INFO HCANN000001: Hibernate Commons Annotations {5.0.4.Final}
2024-04-21T20:56:22.142+0700 INFO HHH000400: Using dialect: org.hibernate.dialect.H2Dialect
2024-04-21T20:56:22.835+0700 INFO Initialized JPA EntityManagerFactory for persistence unit 'default'
2024-04-21T20:56:23.760+0700 WARN spring.jpa.open-in-view is enabled by default. Therefore, database queries may be performed during view rendering. Explicitly configure spring.jpa.open-in-view to disable this warning
2024-04-21T20:56:23.925+0700 INFO Creating filter chain: any request, [org.springframework.security.web.context.request.async.WebAsyncManagerIntegrationFilter@6d40a2b, org.springframework.security.web.context.SecurityContextPersistenceFilter@71c91121, org.springframework.security.web.header.HeaderWriterFilter@198524ec, org.springframework.web.filter.CorsFilter@a7fd77f, org.springframework.security.web.authentication.logout.LogoutFilter@408b2ae2, com.example.demo.security.JWTAuthenticationFilter@49faf815, com.example.demo.security.JWTAuthenticationVerificationFilter@3006aef5, org.springframework.security.web.savedrequest.RequestCacheAwareFilter@5bc1903, org.springframework.security.web.servletapi.SecurityContextHolderAwareRequestFilter@5d260494, org.springframework.security.web.authentication.AnonymousAuthenticationFilter@16257f8c, org.springframework.security.web.session.SessionManagementFilter@1892865f, org.springframework.security.web.access.ExceptionTranslationFilter@d1973e8, org.springframework.security.web.access.intercept.FilterSecurityInterceptor@7da9b32c]
2024-04-21T20:56:24.461+0700 INFO Initializing ExecutorService 'applicationTaskExecutor'
2024-04-21T20:56:24.788+0700 INFO Started SareetaApplicationTests in 5.292 seconds (JVM running for 7.425)
[INFO] Tests run: 1, Failures: 0, Errors: 0, Skipped: 0, Time elapsed: 5.627 s - in com.example.demo.SareetaApplicationTests
[INFO] Running com.example.demo.security.UserDetailsServiceImplTest
[INFO] Tests run: 1, Failures: 0, Errors: 0, Skipped: 0, Time elapsed: 0 s - in com.example.demo.security.UserDetailsServiceImplTest
2024-04-21T20:56:24.838+0700 INFO Shutting down ExecutorService 'applicationTaskExecutor'
2024-04-21T20:56:24.841+0700 INFO Closing JPA EntityManagerFactory for persistence unit 'default'
2024-04-21T20:56:24.844+0700 INFO HikariPool-1 - Shutdown initiated...
2024-04-21T20:56:24.847+0700 INFO HikariPool-1 - Shutdown completed.
[INFO] 
[INFO] Results:
[INFO] 
[INFO] Tests run: 15, Failures: 0, Errors: 0, Skipped: 0
[INFO] 
[INFO] 
[INFO] --- jar:3.1.1:jar (default-jar) @ auth-course ---
[INFO] Building jar: D:\Udacity\Java_Web_Developer\nd035-c4-Security-and-DevOps-master\starter_code\target\auth-course-0.0.1-SNAPSHOT.jar
[INFO] 
[INFO] --- spring-boot:2.1.5.RELEASE:repackage (repackage) @ auth-course ---
[INFO] Replacing main artifact with repackaged archive
[INFO] 
[INFO] --- install:2.5.2:install (default-install) @ auth-course ---
[INFO] Installing D:\Udacity\Java_Web_Developer\nd035-c4-Security-and-DevOps-master\starter_code\target\auth-course-0.0.1-SNAPSHOT.jar to C:\Windows\system32\config\systemprofile\.m2\repository\com\example\auth-course\0.0.1-SNAPSHOT\auth-course-0.0.1-SNAPSHOT.jar
[INFO] Installing D:\Udacity\Java_Web_Developer\nd035-c4-Security-and-DevOps-master\starter_code\pom.xml to C:\Windows\system32\config\systemprofile\.m2\repository\com\example\auth-course\0.0.1-SNAPSHOT\auth-course-0.0.1-SNAPSHOT.pom
[INFO] ------------------------------------------------------------------------
[INFO] BUILD SUCCESS
[INFO] ------------------------------------------------------------------------
[INFO] Total time:  13.739 s
[INFO] Finished at: 2024-04-21T20:56:26+07:00
[INFO] ------------------------------------------------------------------------
Finished: SUCCESS